d:\skse64\skse64_2_00_17\src\skse64\x64\release\chineseinput.lib
d:\skse64\skse64_2_00_17\src\skse64\x64\release\chineseinput.exp
d:\skse64\skse64_2_00_17\src\skse64\x64\release\chineseinput.ipdb
d:\skse64\skse64_2_00_17\src\skse64\x64\release\chineseinput.iobj
d:\skse64\skse64_2_00_17\src\skse64\chineseinput\x64\release\vc141.pdb
d:\skse64\skse64_2_00_17\src\skse64\chineseinput\x64\release\utilities.obj
d:\skse64\skse64_2_00_17\src\skse64\chineseinput\x64\release\rimemanager.obj
d:\skse64\skse64_2_00_17\src\skse64\chineseinput\x64\release\d3d11.obj
d:\skse64\skse64_2_00_17\src\skse64\chineseinput\x64\release\configloader.obj
d:\skse64\skse64_2_00_17\src\skse64\chineseinput\x64\release\main.obj
d:\skse64\skse64_2_00_17\src\skse64\chineseinput\x64\release\inputmanager.obj
d:\skse64\skse64_2_00_17\src\skse64\chineseinput\x64\release\test.obj
d:\skse64\skse64_2_00_17\src\skse64\chineseinput\x64\release\queue.obj
d:\skse64\skse64_2_00_17\src\skse64\chineseinput\x64\release\msg.obj
d:\skse64\skse64_2_00_17\src\skse64\chineseinput\x64\release\imgui_widgets.obj
d:\skse64\skse64_2_00_17\src\skse64\chineseinput\x64\release\imgui_draw.obj
d:\skse64\skse64_2_00_17\src\skse64\chineseinput\x64\release\imgui_demo.obj
d:\skse64\skse64_2_00_17\src\skse64\chineseinput\x64\release\imgui.obj
d:\skse64\skse64_2_00_17\src\skse64\chineseinput\x64\release\imgui_impl_win32.obj
d:\skse64\skse64_2_00_17\src\skse64\chineseinput\x64\release\imgui_impl_dx11.obj
d:\skse64\skse64_2_00_17\src\skse64\chineseinput\x64\release\dx11.obj
d:\skse64\skse64_2_00_17\src\skse64\chineseinput\x64\release\hookutil.obj
d:\skse64\skse64_2_00_17\src\skse64\x64\release\chineseinput.dll
d:\skse64\skse64_2_00_17\src\skse64\x64\release\chineseinput.pdb
d:\skse64\skse64_2_00_17\src\skse64\chineseinput\x64\release\chineseinput.res
d:\skse64\skse64_2_00_17\src\skse64\chineseinput\x64\release\chineseinput.tlog\chineseinput.write.1u.tlog
d:\skse64\skse64_2_00_17\src\skse64\chineseinput\x64\release\chineseinput.tlog\cl.command.1.tlog
d:\skse64\skse64_2_00_17\src\skse64\chineseinput\x64\release\chineseinput.tlog\cl.read.1.tlog
d:\skse64\skse64_2_00_17\src\skse64\chineseinput\x64\release\chineseinput.tlog\cl.write.1.tlog
d:\skse64\skse64_2_00_17\src\skse64\chineseinput\x64\release\chineseinput.tlog\link.command.1.tlog
d:\skse64\skse64_2_00_17\src\skse64\chineseinput\x64\release\chineseinput.tlog\link.read.1.tlog
d:\skse64\skse64_2_00_17\src\skse64\chineseinput\x64\release\chineseinput.tlog\link.write.1.tlog
d:\skse64\skse64_2_00_17\src\skse64\chineseinput\x64\release\chineseinput.tlog\rc.command.1.tlog
d:\skse64\skse64_2_00_17\src\skse64\chineseinput\x64\release\chineseinput.tlog\rc.read.1.tlog
d:\skse64\skse64_2_00_17\src\skse64\chineseinput\x64\release\chineseinput.tlog\rc.write.1.tlog
